Tue 21 Mar 2023 01:15:59 AM UTC: 
 tests:  0|6
total_score: 0/70
1686044
Tue 21 Mar 2023 01:17:26 AM UTC: 
 list.c | 22 +++++++++++++---------
 1 file changed, 13 insertions(+), 9 deletions(-)
In file included from test.c:5:
list.c:13:5: error: unknown type name ‘Node’
   13 |     Node * head;
      |     ^~~~
list.c:14:5: error: unknown type name ‘Node’
   14 |     Node * tail;
      |     ^~~~
list.c:15:5: error: unknown type name ‘Node’
   15 |     Node * current;
      |     ^~~~
list.c:21:1: error: unknown type name ‘Node’; use ‘struct’ keyword to refer to the type
   21 | Node * createNode(void * data) {
      | ^~~~
      | struct 
list.c: In function ‘createNode’:
list.c:22:5: error: unknown type name ‘Node’; use ‘struct’ keyword to refer to the type
   22 |     Node * new = (Node *)malloc(sizeof(Node));
      |     ^~~~
      |     struct 
list.c:22:19: error: ‘Node’ undeclared (first use in this function)
   22 |     Node * new = (Node *)malloc(sizeof(Node));
      |                   ^~~~
list.c:22:19: note: each undeclared identifier is reported only once for each function it appears in
list.c:22:25: error: expected expression before ‘)’ token
   22 |     Node * new = (Node *)malloc(sizeof(Node));
      |                         ^
list.c:24:8: error: request for member ‘data’ in something not a structure or union
   24 |     new->data = data;
      |        ^~
list.c:25:8: error: request for member ‘prev’ in something not a structure or union
   25 |     new->prev = NULL;
      |        ^~
list.c:26:8: error: request for member ‘next’ in something not a structure or union
   26 |     new->next = NULL;
      |        ^~
list.c: In function ‘createList’:
list.c:31:18: error: ‘list’ undeclared (first use in this function); did you mean ‘List’?
   31 |   List* lista = (list*) malloc(sizeof(list));
      |                  ^~~~
      |                  List
list.c:31:23: error: expected expression before ‘)’ token
   31 |   List* lista = (list*) malloc(sizeof(list));
      |                       ^
test.c: In function ‘initialize_exList’:
test.c:60:12: error: unknown type name ‘Node’; use ‘struct’ keyword to refer to the type
   60 |     int i; Node*n;
      |            ^~~~
      |            struct 
test.c:65:17: error: request for member ‘next’ in something not a structure or union
   65 |          L->tail->next=n;
      |                 ^~
test.c:66:11: error: request for member ‘prev’ in something not a structure or union
   66 |          n->prev=L->tail;
      |           ^~
test.c: In function ‘test_first_next’:
test.c:143:29: error: request for member ‘next’ in something not a structure or union
  143 |     if(L->current != L->head->next){
      |                             ^~
test.c: In function ‘test_last_prev’:
test.c:205:29: error: request for member ‘prev’ in something not a structure or union
  205 |     if(L->current != L->tail->prev){
      |                             ^~
test.c: In function ‘test_pushfront’:
test.c:259:15: error: request for member ‘data’ in something not a structure or union
  259 |     if(L->head->data != j){
      |               ^~
test.c:267:5: error: unknown type name ‘Node’; use ‘struct’ keyword to refer to the type
  267 |     Node* aux=L->head;
      |     ^~~~
      |     struct 
test.c:273:15: error: request for member ‘data’ in something not a structure or union
  273 |     if(L->head->data != j){
      |               ^~
test.c:279:15: error: request for member ‘next’ in something not a structure or union
  279 |     if(L->head->next == NULL){
      |               ^~
test.c:284:15: error: request for member ‘next’ in something not a structure or union
  284 |     if(L->head->next != aux){
      |               ^~
test.c:285:71: error: request for member ‘next’ in something not a structure or union
  285 |         sprintf(msg,"head->next->data=%d (debe ser 0)",*(int*) L->head->next->data);
      |                                                                       ^~
test.c: In function ‘test_pushcurrent’:
test.c:311:34: error: request for member ‘next’ in something not a structure or union
  311 |     if(L->head == NULL || L->head->next==NULL){
      |                                  ^~
test.c:316:15: error: request for member ‘next’ in something not a structure or union
  316 |     if(L->head->next->data != j){
      |               ^~
test.c:322:15: error: request for member ‘next’ in something not a structure or union
  322 |     if(L->head->next->prev ==NULL){
      |               ^~
test.c:328:5: error: unknown type name ‘Node’; use ‘struct’ keyword to refer to the type
  328 |     Node* aux=L->tail;
      |     ^~~~
      |     struct 
test.c:335:34: error: request for member ‘data’ in something not a structure or union
  335 |     if(L->tail == NULL || L->tail->data != j){
      |                                  ^~
test.c:340:11: error: request for member ‘next’ in something not a structure or union
  340 |     if(aux->next == NULL || aux->next!=L->tail){
      |           ^~
test.c:340:32: error: request for member ‘next’ in something not a structure or union
  340 |     if(aux->next == NULL || aux->next!=L->tail){
      |                                ^~
test.c:345:15: error: request for member ‘prev’ in something not a structure or union
  345 |     if(L->tail->prev == NULL || L->tail->prev!=aux){
      |               ^~
test.c:345:40: error: request for member ‘prev’ in something not a structure or union
  345 |     if(L->tail->prev == NULL || L->tail->prev!=aux){
      |                                        ^~
test.c: In function ‘test_popcurrent’:
test.c:370:41: error: request for member ‘data’ in something not a structure or union
  370 |     if(L->head == NULL || *(int*)L->head->data != 2){
      |                                         ^~
test.c:375:15: error: request for member ‘prev’ in something not a structure or union
  375 |     if(L->head->prev != NULL){
      |               ^~
test.c:386:23: error: request for member ‘next’ in something not a structure or union
  386 |     L->current=L->head->next;
      |                       ^~
test.c:387:5: error: unknown type name ‘Node’; use ‘struct’ keyword to refer to the type
  387 |     Node* aux=L->head->next->next;
      |     ^~~~
      |     struct 
test.c:387:22: error: request for member ‘next’ in something not a structure or union
  387 |     Node* aux=L->head->next->next;
      |                      ^~
test.c:394:15: error: request for member ‘next’ in something not a structure or union
  394 |     if(L->head->next == NULL || L->head->next!=aux){
      |               ^~
test.c:394:40: error: request for member ‘next’ in something not a structure or union
  394 |     if(L->head->next == NULL || L->head->next!=aux){
      |                                        ^~
test.c:399:11: error: request for member ‘prev’ in something not a structure or union
  399 |     if(aux->prev != L->head){
      |           ^~
test.c:411:16: error: request for member ‘prev’ in something not a structure or union
  411 |     aux=L->tail->prev;
      |                ^~
test.c:415:16: error: request for member ‘prev’ in something not a structure or union
  415 |     aux=L->tail->prev;
      |                ^~
test.c:426:15: error: request for member ‘next’ in something not a structure or union
  426 |     if(L->tail->next != NULL){
      |               ^~
Compilation failed
63a7019
Tue 21 Mar 2023 01:17:48 AM UTC: 
 list.c | 2 +-
 1 file changed, 1 insertion(+), 1 deletion(-)
In file included from test.c:5:
list.c: In function ‘createList’:
list.c:31:18: error: ‘list’ undeclared (first use in this function); did you mean ‘List’?
   31 |   List* lista = (list*) malloc(sizeof(list));
      |                  ^~~~
      |                  List
list.c:31:18: note: each undeclared identifier is reported only once for each function it appears in
list.c:31:23: error: expected expression before ‘)’ token
   31 |   List* lista = (list*) malloc(sizeof(list));
      |                       ^
Compilation failed
aa0975c
Tue 21 Mar 2023 01:18:09 AM UTC: 
 list.c | 2 +-
 1 file changed, 1 insertion(+), 1 deletion(-)
In file included from test.c:5:
list.c: In function ‘createList’:
list.c:31:39: error: ‘list’ undeclared (first use in this function); did you mean ‘List’?
   31 |   List* lista = (List*) malloc(sizeof(list));
      |                                       ^~~~
      |                                       List
list.c:31:39: note: each undeclared identifier is reported only once for each function it appears in
Compilation failed
db5a7d9
Tue 21 Mar 2023 01:18:26 AM UTC: 
 list.c | 2 +-
 1 file changed, 1 insertion(+), 1 deletion(-)
 tests:  1|5
total_score: 10/70
63568f1
Tue 21 Mar 2023 01:25:44 AM UTC: 
 list.c | 4 +++-
 1 file changed, 3 insertions(+), 1 deletion(-)
In file included from test.c:5:
list.c: In function ‘firstList’:
list.c:40:8: error: ‘lista’ undeclared (first use in this function); did you mean ‘list’?
   40 |   if (!lista->head) return NULL;
      |        ^~~~~
      |        list
list.c:40:8: note: each undeclared identifier is reported only once for each function it appears in
list.c:41:31: error: expected ‘;’ before ‘return’
   41 |   lista->current = lista->head
      |                               ^
      |                               ;
   42 |   return (lista->current->head);
      |   ~~~~~~                       
list.c:43:1: error: control reaches end of non-void function [-Werror=return-type]
   43 | }
      | ^
cc1: all warnings being treated as errors
Compilation failed
656a322
Tue 21 Mar 2023 01:26:13 AM UTC: 
 list.c | 2 +-
 1 file changed, 1 insertion(+), 1 deletion(-)
In file included from test.c:5:
list.c: In function ‘firstList’:
list.c:41:31: error: expected ‘;’ before ‘return’
   41 |   lista->current = lista->head
      |                               ^
      |                               ;
   42 |   return (lista->current->head);
      |   ~~~~~~                       
list.c:43:1: error: control reaches end of non-void function [-Werror=return-type]
   43 | }
      | ^
cc1: all warnings being treated as errors
Compilation failed
4711676
Tue 21 Mar 2023 01:26:27 AM UTC: 
 list.c | 2 +-
 1 file changed, 1 insertion(+), 1 deletion(-)
In file included from test.c:5:
list.c: In function ‘firstList’:
list.c:42:25: error: ‘Node’ has no member named ‘head’
   42 |   return (lista->current->head);
      |                         ^~
list.c:43:1: error: control reaches end of non-void function [-Werror=return-type]
   43 | }
      | ^
cc1: all warnings being treated as errors
Compilation failed
ef33869
Tue 21 Mar 2023 01:27:30 AM UTC: 
 list.c | 2 +-
 1 file changed, 1 insertion(+), 1 deletion(-)
 tests:  2|5
total_score: 15/70
07c3222
Tue 21 Mar 2023 03:50:57 PM UTC: 
 list.c | 8 +++++---
 1 file changed, 5 insertions(+), 3 deletions(-)
In file included from test.c:5:
list.c:1:2: error: stray ‘#’ in program
    1 | x#include <stdio.h>
      |  ^
list.c:1:1: error: unknown type name ‘x’
    1 | x#include <stdio.h>
      | ^
list.c:1:11: error: expected ‘=’, ‘,’, ‘;’, ‘asm’ or ‘__attribute__’ before ‘<’ token
    1 | x#include <stdio.h>
      |           ^
In file included from test.c:5:
list.c: In function ‘nextList’:
list.c:47:25: error: ‘List’ {aka ‘struct List’} has no member named ‘next’
   47 |   lista->current = lista->next;
      |                         ^~
Compilation failed
3990637
Tue 21 Mar 2023 03:51:44 PM UTC: 
 list.c | 2 +-
 1 file changed, 1 insertion(+), 1 deletion(-)
In file included from test.c:5:
list.c: In function ‘nextList’:
list.c:47:25: error: ‘List’ {aka ‘struct List’} has no member named ‘next’
   47 |   lista->current = lista->next;
      |                         ^~
Compilation failed
494df02
Tue 21 Mar 2023 03:52:31 PM UTC: 
 list.c | 1 -
 1 file changed, 1 deletion(-)
 tests:  2|5
total_score: 15/70
0668b9e
Tue 21 Mar 2023 04:16:36 PM UTC: 
 list.c | 4 +++-
 1 file changed, 3 insertions(+), 1 deletion(-)
 tests:  3|5
total_score: 15/70
1696eef
Tue 21 Mar 2023 04:26:57 PM UTC: 
 list.c | 3 ++-
 1 file changed, 2 insertions(+), 1 deletion(-)
In file included from test.c:5:
list.c: In function ‘nextList’:
list.c:47:3: error: unknown type name ‘Nodo’; did you mean ‘Node’?
   47 |   Nodo* next = lista->current
      |   ^~~~
      |   Node
list.c:47:16: error: initialization of ‘int *’ from incompatible pointer type ‘Node *’ [-Werror=incompatible-pointer-types]
   47 |   Nodo* next = lista->current
      |                ^~~~~
list.c:48:3: error: expected ‘,’ or ‘;’ before ‘return’
   48 |   return (next);
      |   ^~~~~~
list.c:47:9: error: unused variable ‘next’ [-Werror=unused-variable]
   47 |   Nodo* next = lista->current
      |         ^~~~
list.c:49:1: error: control reaches end of non-void function [-Werror=return-type]
   49 | }
      | ^
cc1: all warnings being treated as errors
Compilation failed
d0459df
